<?xml version="1.0" encoding="UTF-8"?>
<testsuite name="org.example.springproj1.Springproj1Test" tests="3" skipped="0" failures="0" errors="0" timestamp="2022-10-09T09:33:41" hostname="ZAVIERCHASE" time="1.969">
  <properties/>
  <testcase name="branchesTest()" classname="org.example.springproj1.Springproj1Test" time="1.415"/>
  <testcase name="reposTest()" classname="org.example.springproj1.Springproj1Test" time="0.263"/>
  <testcase name="commitsTest()" classname="org.example.springproj1.Springproj1Test" time="0.277"/>
  <system-out><![CDATA[13:33:39.799 [Test worker] DEBUG org.springframework.test.context.BootstrapUtils - Instantiating CacheAwareContextLoaderDelegate from class [org.springframework.test.context.cache.DefaultCacheAwareContextLoaderDelegate]
13:33:39.807 [Test worker] DEBUG org.springframework.test.context.BootstrapUtils - Instantiating BootstrapContext using constructor [public org.springframework.test.context.support.DefaultBootstrapContext(java.lang.Class,org.springframework.test.context.CacheAwareContextLoaderDelegate)]
13:33:39.832 [Test worker] DEBUG org.springframework.test.context.BootstrapUtils - Instantiating TestContextBootstrapper for test class [org.example.springproj1.Springproj1Test] from class [org.springframework.boot.test.context.SpringBootTestContextBootstrapper]
13:33:39.840 [Test worker] INFO org.springframework.boot.test.context.SpringBootTestContextBootstrapper - Neither @ContextConfiguration nor @ContextHierarchy found for test class [org.example.springproj1.Springproj1Test], using SpringBootContextLoader
13:33:39.842 [Test worker] DEBUG org.springframework.test.context.support.AbstractContextLoader - Did not detect default resource location for test class [org.example.springproj1.Springproj1Test]: class path resource [org/example/springproj1/Springproj1Test-context.xml] does not exist
13:33:39.842 [Test worker] DEBUG org.springframework.test.context.support.AbstractContextLoader - Did not detect default resource location for test class [org.example.springproj1.Springproj1Test]: class path resource [org/example/springproj1/Springproj1TestContext.groovy] does not exist
13:33:39.843 [Test worker] INFO org.springframework.test.context.support.AbstractContextLoader - Could not detect default resource locations for test class [org.example.springproj1.Springproj1Test]: no resource found for suffixes {-context.xml, Context.groovy}.
13:33:39.843 [Test worker] INFO org.springframework.test.context.support.AnnotationConfigContextLoaderUtils - Could not detect default configuration classes for test class [org.example.springproj1.Springproj1Test]: Springproj1Test does not declare any static, non-private, non-final, nested classes annotated with @Configuration.
13:33:39.870 [Test worker] DEBUG org.springframework.test.context.support.ActiveProfilesUtils - Could not find an 'annotation declaring class' for annotation type [org.springframework.test.context.ActiveProfiles] and class [org.example.springproj1.Springproj1Test]
13:33:39.909 [Test worker] DEBUG org.springframework.context.annotation.ClassPathScanningCandidateComponentProvider - Identified candidate component class: file [C:\Users\User\Desktop\uni\4x1\QA_Management\qa_lab5\build\classes\java\main\org\example\springproj1\Springproj1.class]
13:33:39.910 [Test worker] INFO org.springframework.boot.test.context.SpringBootTestContextBootstrapper - Found @SpringBootConfiguration org.example.springproj1.Springproj1 for test class org.example.springproj1.Springproj1Test
13:33:39.987 [Test worker] DEBUG org.springframework.boot.test.context.SpringBootTestContextBootstrapper - @TestExecutionListeners is not present for class [org.example.springproj1.Springproj1Test]: using defaults.
13:33:39.987 [Test worker] INFO org.springframework.boot.test.context.SpringBootTestContextBootstrapper - Loaded default TestExecutionListener class names from location [META-INF/spring.factories]: [org.springframework.boot.test.autoconfigure.restdocs.RestDocsTestExecutionListener, org.springframework.boot.test.autoconfigure.web.client.MockRestServiceServerResetTestExecutionListener, org.springframework.boot.test.autoconfigure.web.servlet.MockMvcPrintOnlyOnFailureTestExecutionListener, org.springframework.boot.test.autoconfigure.web.servlet.WebDriverTestExecutionListener, org.springframework.boot.test.autoconfigure.webservices.client.MockWebServiceServerTestExecutionListener, org.springframework.boot.test.mock.mockito.MockitoTestExecutionListener, org.springframework.boot.test.mock.mockito.ResetMocksTestExecutionListener, org.springframework.test.context.web.ServletTestExecutionListener, org.springframework.test.context.support.DirtiesContextBeforeModesTestExecutionListener, org.springframework.test.context.event.ApplicationEventsTestExecutionListener, org.springframework.test.context.support.DependencyInjectionTestExecutionListener, org.springframework.test.context.support.DirtiesContextTestExecutionListener, org.springframework.test.context.transaction.TransactionalTestExecutionListener, org.springframework.test.context.jdbc.SqlScriptsTestExecutionListener, org.springframework.test.context.event.EventPublishingTestExecutionListener]
13:33:39.999 [Test worker] DEBUG org.springframework.boot.test.context.SpringBootTestContextBootstrapper - Skipping candidate TestExecutionListener [org.springframework.test.context.transaction.TransactionalTestExecutionListener] due to a missing dependency. Specify custom listener classes or make the default listener classes and their required dependencies available. Offending class: [org/springframework/transaction/interceptor/TransactionAttributeSource]
13:33:40.000 [Test worker] DEBUG org.springframework.boot.test.context.SpringBootTestContextBootstrapper - Skipping candidate TestExecutionListener [org.springframework.test.context.jdbc.SqlScriptsTestExecutionListener] due to a missing dependency. Specify custom listener classes or make the default listener classes and their required dependencies available. Offending class: [org/springframework/transaction/interceptor/TransactionAttribute]
13:33:40.000 [Test worker] INFO org.springframework.boot.test.context.SpringBootTestContextBootstrapper - Using TestExecutionListeners: [org.springframework.test.context.web.ServletTestExecutionListener@5b408dc3, org.springframework.test.context.support.DirtiesContextBeforeModesTestExecutionListener@4d098f9b, org.springframework.test.context.event.ApplicationEventsTestExecutionListener@2dbf4cbd, org.springframework.boot.test.mock.mockito.MockitoTestExecutionListener@20b5f2ac, org.springframework.boot.test.autoconfigure.SpringBootDependencyInjectionTestExecutionListener@7fc44dec, org.springframework.test.context.support.DirtiesContextTestExecutionListener@7e3060d8, org.springframework.test.context.event.EventPublishingTestExecutionListener@293d0107, org.springframework.boot.test.autoconfigure.restdocs.RestDocsTestExecutionListener@2692b61e, org.springframework.boot.test.autoconfigure.web.client.MockRestServiceServerResetTestExecutionListener@7b64240d, org.springframework.boot.test.autoconfigure.web.servlet.MockMvcPrintOnlyOnFailureTestExecutionListener@62fad19, org.springframework.boot.test.autoconfigure.web.servlet.WebDriverTestExecutionListener@47dbb1e2, org.springframework.boot.test.autoconfigure.webservices.client.MockWebServiceServerTestExecutionListener@74cadd41, org.springframework.boot.test.mock.mockito.ResetMocksTestExecutionListener@2e54db99]
13:33:40.003 [Test worker] DEBUG org.springframework.test.context.support.AbstractDirtiesContextTestExecutionListener - Before test class: context [DefaultTestContext@470a696f testClass = Springproj1Test, testInstance = [null], testMethod = [null], testException = [null], mergedContextConfiguration = [WebMergedContextConfiguration@1bc715b8 testClass = Springproj1Test, locations = '{}', classes = '{class org.example.springproj1.Springproj1}', contextInitializerClasses = '[]', activeProfiles = '{}', propertySourceLocations = '{}', propertySourceProperties = '{org.springframework.boot.test.context.SpringBootTestContextBootstrapper=true, server.port=0}', contextCustomizers = set[org.springframework.boot.test.autoconfigure.actuate.metrics.MetricsExportContextCustomizerFactory$DisableMetricExportContextCustomizer@4c1f22f3, org.springframework.boot.test.autoconfigure.properties.PropertyMappingContextCustomizer@0, org.springframework.boot.test.autoconfigure.web.servlet.WebDriverContextCustomizerFactory$Customizer@64a40280, org.springframework.boot.test.context.filter.ExcludeFilterContextCustomizer@528c868, org.springframework.boot.test.json.DuplicateJsonObjectContextCustomizerFactory$DuplicateJsonObjectContextCustomizer@31c7528f, org.springframework.boot.test.mock.mockito.MockitoContextCustomizer@0, org.springframework.boot.test.web.client.TestRestTemplateContextCustomizer@2f16c6b3, org.springframework.boot.test.context.SpringBootTestArgs@1, org.springframework.boot.test.context.SpringBootTestWebEnvironment@366647c2], resourceBasePath = 'src/main/webapp', contextLoader = 'org.springframework.boot.test.context.SpringBootContextLoader', parent = [null]], attributes = map['org.springframework.test.context.web.ServletTestExecutionListener.activateListener' -> false]], class annotated with @DirtiesContext [false] with mode [null].
13:33:40.191 [Test worker] DEBUG org.springframework.test.context.support.DependencyInjectionTestExecutionListener - Performing dependency injection for test context [[DefaultTestContext@470a696f testClass = Springproj1Test, testInstance = org.example.springproj1.Springproj1Test@3f3c7bdb, testMethod = [null], testException = [null], mergedContextConfiguration = [WebMergedContextConfiguration@1bc715b8 testClass = Springproj1Test, locations = '{}', classes = '{class org.example.springproj1.Springproj1}', contextInitializerClasses = '[]', activeProfiles = '{}', propertySourceLocations = '{}', propertySourceProperties = '{org.springframework.boot.test.context.SpringBootTestContextBootstrapper=true, server.port=0}', contextCustomizers = set[org.springframework.boot.test.autoconfigure.actuate.metrics.MetricsExportContextCustomizerFactory$DisableMetricExportContextCustomizer@4c1f22f3, org.springframework.boot.test.autoconfigure.properties.PropertyMappingContextCustomizer@0, org.springframework.boot.test.autoconfigure.web.servlet.WebDriverContextCustomizerFactory$Customizer@64a40280, org.springframework.boot.test.context.filter.ExcludeFilterContextCustomizer@528c868, org.springframework.boot.test.json.DuplicateJsonObjectContextCustomizerFactory$DuplicateJsonObjectContextCustomizer@31c7528f, org.springframework.boot.test.mock.mockito.MockitoContextCustomizer@0, org.springframework.boot.test.web.client.TestRestTemplateContextCustomizer@2f16c6b3, org.springframework.boot.test.context.SpringBootTestArgs@1, org.springframework.boot.test.context.SpringBootTestWebEnvironment@366647c2], resourceBasePath = 'src/main/webapp', contextLoader = 'org.springframework.boot.test.context.SpringBootContextLoader', parent = [null]], attributes = map['org.springframework.test.context.web.ServletTestExecutionListener.activateListener' -> false, 'org.springframework.test.context.event.ApplicationEventsTestExecutionListener.recordApplicationEvents' -> false]]].

  .   ____          _            __ _ _
 /\\ / ___'_ __ _ _(_)_ __  __ _ \ \ \ \
( ( )\___ | '_ | '_| | '_ \/ _` | \ \ \ \
 \\/  ___)| |_)| | | | | || (_| |  ) ) ) )
  '  |____| .__|_| |_|_| |_\__, | / / / /
 =========|_|==============|___/=/_/_/_/
 :: Spring Boot ::                (v2.7.4)

2022-10-09 13:33:40.421  INFO 19452 --- [    Test worker] org.example.springproj1.Springproj1Test  : Starting Springproj1Test using Java 15.0.2 on ZavierChase with PID 19452 (started by User in C:\Users\User\Desktop\uni\4x1\QA_Management\qa_lab5)
2022-10-09 13:33:40.423  INFO 19452 --- [    Test worker] org.example.springproj1.Springproj1Test  : No active profile set, falling back to 1 default profile: "default"
2022-10-09 13:33:41.274  INFO 19452 --- [    Test worker] o.s.b.w.embedded.tomcat.TomcatWebServer  : Tomcat initialized with port(s): 0 (http)
2022-10-09 13:33:41.283  INFO 19452 --- [    Test worker] o.apache.catalina.core.StandardService   : Starting service [Tomcat]
2022-10-09 13:33:41.284  INFO 19452 --- [    Test worker] org.apache.catalina.core.StandardEngine  : Starting Servlet engine: [Apache Tomcat/9.0.65]
2022-10-09 13:33:41.387  INFO 19452 --- [    Test worker] o.a.c.c.C.[Tomcat].[localhost].[/]       : Initializing Spring embedded WebApplicationContext
2022-10-09 13:33:41.387  INFO 19452 --- [    Test worker] w.s.c.ServletWebServerApplicationContext : Root WebApplicationContext: initialization completed in 949 ms
2022-10-09 13:33:41.929  INFO 19452 --- [    Test worker] o.s.b.w.embedded.tomcat.TomcatWebServer  : Tomcat started on port(s): 61210 (http) with context path ''
2022-10-09 13:33:41.940  INFO 19452 --- [    Test worker] org.example.springproj1.Springproj1Test  : Started Springproj1Test in 1.729 seconds (JVM running for 2.91)
]]></system-out>
  <system-err><![CDATA[]]></system-err>
</testsuite>
